[2025-11-12 21:10:40] [General - Main] [INFO] Starting PhotonVision version dev-v2026.0.0-alpha-2-17-gdef3b9fa on platform Windows x64
[2025-11-12 21:10:40] [General - OsImageVersion] [WARN] Photon cannot locate base OS image version metadata at \opt\photonvision\image-version
[2025-11-12 21:10:41] [General - Main] [INFO] WPI JNI libraries loaded.
[2025-11-12 21:10:41] [General - Main] [INFO] photon-targeting JNI libraries loaded.
[2025-11-12 21:10:41] [General - Main] [ERROR] Platform does not support RKNN based machine learning!
[2025-11-12 21:10:41] [General - Main] [ERROR] Platform does not support Rubik based machine learning!
[2025-11-12 21:10:41] [Camera - MrCalJNILoader] [INFO] Successfully loaded shared object libamd.dll
[2025-11-12 21:10:41] [Camera - MrCalJNILoader] [INFO] Successfully loaded shared object libcamd.dll
[2025-11-12 21:10:41] [Camera - MrCalJNILoader] [INFO] Successfully loaded shared object libcolamd.dll
[2025-11-12 21:10:41] [Camera - MrCalJNILoader] [INFO] Successfully loaded shared object libccolamd.dll
[2025-11-12 21:10:41] [Camera - MrCalJNILoader] [INFO] Successfully loaded shared object openblas.dll
[2025-11-12 21:10:41] [Camera - MrCalJNILoader] [INFO] Successfully loaded shared object libwinpthread-1.dll
[2025-11-12 21:10:41] [Camera - MrCalJNILoader] [INFO] Successfully loaded shared object libgcc_s_seh-1.dll
[2025-11-12 21:10:41] [Camera - MrCalJNILoader] [INFO] Successfully loaded shared object libquadmath-0.dll
[2025-11-12 21:10:42] [Camera - MrCalJNILoader] [INFO] Successfully loaded shared object libgfortran-5.dll
[2025-11-12 21:10:43] [Camera - MrCalJNILoader] [INFO] Successfully loaded shared object liblapack.dll
[2025-11-12 21:10:43] [Camera - MrCalJNILoader] [INFO] Successfully loaded shared object libcholmod.dll
[2025-11-12 21:10:43] [Camera - MrCalJNILoader] [INFO] Successfully loaded shared object mrcal_jni.dll
[2025-11-12 21:10:43] [General - Main] [INFO] Logging initialized in debug mode.
[2025-11-12 21:10:43] [General - Main] [DEBUG] Loading ConfigManager...
[2025-11-12 21:10:43] [Config - SqlConfigProvider] [DEBUG] Using database D:\CodeStuff\photonvision\photon-server\photonvision_config\photon.sqlite
[2025-11-12 21:10:43] [Config - SqlConfigProvider] [INFO] Using correct database version: 2
[2025-11-12 21:10:43] [Config - SqlConfigProvider] [DEBUG] Loading config...
[2025-11-12 21:10:44] [Config - SqlConfigProvider] [ERROR] Could not deserialize apriltag layout! Loading defaults: Provided empty string for class edu.wpi.first.apriltag.AprilTagFieldLayout
[2025-11-12 21:10:44] [Config - SqlConfigProvider] [ERROR] org.eclipse.jetty.io.EofException: Provided empty string for class edu.wpi.first.apriltag.AprilTagFieldLayout
	at org.photonvision.common.util.file.JacksonUtils.deserialize(JacksonUtils.java:136)
	at org.photonvision.common.configuration.SqlConfigProvider.load(SqlConfigProvider.java:298)
	at org.photonvision.common.configuration.ConfigManager.load(ConfigManager.java:198)
	at org.photonvision.Main.main(Main.java:287)

[2025-11-12 21:10:44] [General - Main] [INFO] Loading ML models...
[2025-11-12 21:10:44] [Config - NeuralNetworkModelManager] [WARN] Skipping model Algae v8n as it is not supported on this platform.
[2025-11-12 21:10:44] [Config - NeuralNetworkModelManager] [WARN] Skipping model COCO as it is not supported on this platform.
[2025-11-12 21:10:44] [Config - NeuralNetworkModelManager] [WARN] Skipping model Algae Coral v8s as it is not supported on this platform.
[2025-11-12 21:10:44] [Config - NeuralNetworkModelManager] [WARN] Skipping model COCO as it is not supported on this platform.
[2025-11-12 21:10:44] [Config - NeuralNetworkModelManager] [INFO] Supported backends: [ONNX]
[2025-11-12 21:10:44] [Config - NeuralNetworkModelManager] [INFO] Loaded model yolo11n_640 for backend ONNX
[2025-11-12 21:10:44] [General - Main] [DEBUG] Loading HardwareManager...
[2025-11-12 21:10:44] [NetworkTables - TimeSyncManager] [DEBUG] Starting TimeSyncClient on localhost (for now)
[2025-11-12 21:10:44] [NetworkTables - NTDriverStation] [INFO] ROBOT TRANSITIONED MODES! From NtControlWord[m_enabled=false, m_autonomous=false, m_test=false, m_emergencyStop=false, m_fmsAttached=false, m_dsAttached=false] to NtControlWord[m_enabled=false, m_autonomous=false, m_test=false, m_emergencyStop=false, m_fmsAttached=false, m_dsAttached=false]
[2025-11-12 21:10:44] [General - MetricsManager] [ERROR] Failed to parse NPU usage value: : empty String
[2025-11-12 21:10:44] [General - MetricsManager] [ERROR] java.lang.NumberFormatException: empty String
	at java.base/jdk.internal.math.FloatingDecimal.readJavaFormatString(FloatingDecimal.java:1842)
	at java.base/jdk.internal.math.FloatingDecimal.parseDouble(FloatingDecimal.java:110)
	at java.base/java.lang.Double.parseDouble(Double.java:792)
	at org.photonvision.common.hardware.metrics.MetricsManager.getNpuUsage(MetricsManager.java:206)
	at org.photonvision.common.hardware.metrics.MetricsManager.publishMetrics(MetricsManager.java:268)
	at org.photonvision.common.util.TimedTaskManager$CaughtScheduledThreadPoolExecutor.lambda$wrap$0(TimedTaskManager.java:56)
	at java.base/java.util.concurrent.Executors$RunnableAdapter.call(Executors.java:572)
	at java.base/java.util.concurrent.FutureTask.runAndReset(FutureTask.java:358)
	at java.base/java.util.concurrent.ScheduledThreadPoolExecutor$ScheduledFutureTask.run(ScheduledThreadPoolExecutor.java:305)
	at java.base/java.util.concurrent.ThreadPoolExecutor.runWorker(ThreadPoolExecutor.java:1144)
	at java.base/java.util.concurrent.ThreadPoolExecutor$Worker.run(ThreadPoolExecutor.java:642)
	at java.base/java.lang.Thread.run(Thread.java:1583)

[2025-11-12 21:10:44] [General - Main] [DEBUG] Loading NetworkManager...
[2025-11-12 21:10:44] [General - NetworkManager] [INFO] Network management is disabled.
[2025-11-12 21:10:44] [General - Main] [DEBUG] Loading NetworkTablesManager...
[2025-11-12 21:10:44] [NetworkTables - NetworkTablesManager] [DEBUG] Starting NT Client with hostname: I-AET-PF4HBEHD
[2025-11-12 21:10:44] [NetworkTables - NetworkTablesManager] [INFO] Starting NT Client, server team is 0
[2025-11-12 21:10:44] [NetworkTables - NetworkTablesManager] [INFO] NT: INFO 20: starting network client (NetworkClient.cpp:46)
[2025-11-12 21:10:44] [General - Main] [DEBUG] Loading VisionSourceManager...
[2025-11-12 21:10:44] [Camera - VisionSourceManager] [INFO] Registering loaded camera configs
[2025-11-12 21:10:44] [General - NetworkUtils] [ERROR] No MAC address found for Hyper-V Virtual Switch Extension Adapter-Hyper-V Virtual Switch Extension Filter-0000
[2025-11-12 21:10:44] [General - NetworkUtils] [ERROR] Error getting MAC address:: Cannot load from byte/boolean array because "mac" is null
[2025-11-12 21:10:44] [General - NetworkUtils] [ERROR] java.lang.NullPointerException: Cannot load from byte/boolean array because "mac" is null
	at org.photonvision.common.networking.NetworkUtils.formatMacAddress(NetworkUtils.java:259)
	at org.photonvision.common.networking.NetworkUtils.getMacAddress(NetworkUtils.java:236)
	at org.photonvision.common.dataflow.networktables.NetworkTablesManager.checkHostnameAndCameraNames(NetworkTablesManager.java:253)
	at org.photonvision.common.util.TimedTaskManager$CaughtScheduledThreadPoolExecutor.lambda$wrap$0(TimedTaskManager.java:56)
	at java.base/java.util.concurrent.Executors$RunnableAdapter.call(Executors.java:572)
	at java.base/java.util.concurrent.FutureTask.runAndReset(FutureTask.java:358)
	at java.base/java.util.concurrent.ScheduledThreadPoolExecutor$ScheduledFutureTask.run(ScheduledThreadPoolExecutor.java:305)
	at java.base/java.util.concurrent.ThreadPoolExecutor.runWorker(ThreadPoolExecutor.java:1144)
	at java.base/java.util.concurrent.ThreadPoolExecutor$Worker.run(ThreadPoolExecutor.java:642)
	at java.base/java.lang.Thread.run(Thread.java:1583)

[2025-11-12 21:10:44] [NetworkTables - NetworkTablesManager] [DEBUG] MAC address changed! New MAC address is , was null
[2025-11-12 21:10:44] [NetworkTables - NetworkTablesManager] [ERROR] Cannot check hostname and camera names, MAC address is not set!
[2025-11-12 21:10:44] [Camera - VisionSourceManager] [DEBUG] Creating VisionSource for CameraConfiguration [uniqueName=9cdf4d6d-fcea-4e8e-b2cb-9604d4bcb494, matchedCameraInfo=PVUsbCameraInfo[type=UsbCamera, dev=0, path='\\?\usb#vid_18d1&pid_4eee&mi_00#6&3b09c1d9&0&0000#{e5323777-f976-4f5b-9b55-b94699c46e44}\global', name='Android Webcam', otherPaths=[], vid=6353, pid=20206, uniquePath='\\?\usb#vid_18d1&pid_4eee&mi_00#6&3b09c1d9&0&0000#{e5323777-f976-4f5b-9b55-b94699c46e44}\global'], nickname=Android_Webcam, deactivated=false, cameraQuirks=QuirkyCamera [baseName=Android Webcam, displayName=, usbVid=6353, usbPid=20206, quirks={Gain=false, LifeCamControls=false, PsEyeControls=false, FPSCap100=false, AwbRedBlueGain=false, CompletelyBroken=false, AdjustableFocus=false, StickyFPS=false, ArduCamCamera=false, ArduOV9281Controls=false, ArduOV2311Controls=false, ArduOV9782Controls=false, InnoOV9281Controls=false, ArduOV9782=false, See3Cam_24CUG=false}], FOV=70.0]
[2025-11-12 21:10:44] [CSCore - PvCSCoreLogger] [INFO] Android_Webcam: Attempting to connect to USB camera on \\?\usb#vid_18d1&pid_4eee&mi_00#6&3b09c1d9&0&0000#{e5323777-f976-4f5b-9b55-b94699c46e44}\global
[2025-11-12 21:10:44] [Camera - USBCameraSource - Android_Webcam] [DEBUG] Using Generic USB Cam Settables
[2025-11-12 21:10:44] [CSCore - PvCSCoreLogger] [DEBUG] CS: DEBUG 7: Android_Webcam: opening device (UsbCameraImpl.cpp:456)
[2025-11-12 21:10:44] [Camera - USBCameraSource - Android_Webcam] [INFO] Created settables org.photonvision.vision.camera.USBCameras.GenericUSBCameraSettables@7dda48d9
[2025-11-12 21:10:44] [VisionModule - PipelineManager] [DEBUG] Creating ObjectDetection Pipeline
[2025-11-12 21:10:44] [Camera - MrCalJNILoader] [INFO] Successfully loaded shared object onnxruntime_providers_shared.dll
[2025-11-12 21:10:44] [CSCore - PvCSCoreLogger] [INFO] Android_Webcam: Connected to USB camera on \\?\usb#vid_18d1&pid_4eee&mi_00#6&3b09c1d9&0&0000#{e5323777-f976-4f5b-9b55-b94699c46e44}\global
[2025-11-12 21:10:44] [CSCore - PvCSCoreLogger] [DEBUG] CS: DEBUG 7: Android_Webcam: caching properties (UsbCameraImpl.cpp:494)
[2025-11-12 21:10:44] [Camera - MrCalJNILoader] [INFO] Successfully loaded shared object onnxruntime.dll
[2025-11-12 21:10:44] [Camera - MrCalJNILoader] [INFO] Successfully loaded shared object onnx_jni.dll
[2025-11-12 21:10:44] [General - OnnxDetectorJNI] [WARN] ONNX native library does not expose getInputSize; using configured size 640x640
[2025-11-12 21:10:44] [General - NetworkUtils] [ERROR] Unable to identify network interfaces!
[2025-11-12 21:10:44] [WebServer - DataChangeService] [DEBUG] Added subscriber - Sources: DCS_WEBSOCKET, DCS_HTTP, DCS_NETWORKTABLES, DCS_VISIONMODULE, DCS_OTHER, Destinations: DCD_ACTIVEMODULE, DCD_ACTIVEPIPELINESETTINGS, DCD_GENSETTINGS, DCD_UI, DCD_WEBSERVER, DCD_OTHER
[2025-11-12 21:10:44] [CSCore - PvCSCoreLogger] [DEBUG] CS: DEBUG 10: serve_I-AET-PF4HBEHD_Port_1181_Input_MJPEG_Server: waiting for clients to connect (MjpegServerImpl.cpp:946)
[2025-11-12 21:10:44] [CSCore - PvCSCoreLogger] [DEBUG] CS: DEBUG 10: serve_I-AET-PF4HBEHD_Port_1182_Output_MJPEG_Server: waiting for clients to connect (MjpegServerImpl.cpp:946)
[2025-11-12 21:10:44] [VisionModule - VisionModule - Android_Webcam] [INFO] Setting pipeline to 0
[2025-11-12 21:10:44] [VisionModule - VisionModule - Android_Webcam] [INFO] Pipeline name: New Pipeline
[2025-11-12 21:10:45] [Camera - USBFrameProvider - Android_Webcam] [INFO] Camera connected! running callback
[2025-11-12 21:10:45] [Camera - VisionSourceManager] [INFO] Finished registering loaded camera configs! Started 1 active VisionModules, with 3 disabled VisionModules
[2025-11-12 21:10:45] [General - Main] [INFO] Starting server...
[2025-11-12 21:10:45] [Camera - USBCameraSource - Android_Webcam] [DEBUG] Cam Properties Dump:
Name: raw_Brightness, Kind: kInteger, Value: 2, Min: 3, Max: 3, Dflt: 3, Step: 3
Name: Brightness, Kind: kInteger, Value: 2, Min: 0, Max: 100, Dflt: -2147483648, Step: 1
Name: raw_Exposure, Kind: kInteger, Value: 2, Min: -11, Max: -11, Dflt: -11, Step: 1
Name: Exposure, Kind: kInteger, Value: 2, Min: 0, Max: 100, Dflt: -2147483648, Step: 1
Name: Iris, Kind: kInteger, Value: 2, Min: 30, Max: 30, Dflt: 30, Step: 30

[2025-11-12 21:10:45] [VisionModule - VisionSourceSettables - Android_Webcam] [INFO] Caching cscore properties
[2025-11-12 21:10:45] [VisionModule - VisionSourceSettables - Android_Webcam] [WARN] Expected at least one of the following properties to be available: [exposure_auto, auto_exposure]
[2025-11-12 21:10:45] [VisionModule - VisionSourceSettables - Android_Webcam] [WARN] Expected at least one of the following properties to be available: [white_balance_temperature, WhiteBalance]
[2025-11-12 21:10:45] [WebServer - DataChangeService] [DEBUG] Added subscriber - Sources: DCS_WEBSOCKET, DCS_HTTP, DCS_NETWORKTABLES, DCS_VISIONMODULE, DCS_OTHER, Destinations: DCD_WEBSERVER
[2025-11-12 21:10:45] [VisionModule - VisionSourceSettables - Android_Webcam] [DEBUG] No property image_stabilization for Android_Webcam , skipping.
[2025-11-12 21:10:45] [VisionModule - VisionSourceSettables - Android_Webcam] [DEBUG] No property power_line_frequency for Android_Webcam , skipping.
[2025-11-12 21:10:45] [VisionModule - VisionSourceSettables - Android_Webcam] [DEBUG] No property scene_mode for Android_Webcam , skipping.
[2025-11-12 21:10:45] [VisionModule - VisionSourceSettables - Android_Webcam] [DEBUG] No property exposure_metering_mode for Android_Webcam , skipping.
[2025-11-12 21:10:45] [VisionModule - VisionSourceSettables - Android_Webcam] [DEBUG] No property exposure_dynamic_framerate for Android_Webcam , skipping.
[2025-11-12 21:10:45] [VisionModule - VisionSourceSettables - Android_Webcam] [DEBUG] No property focus_auto for Android_Webcam , skipping.
[2025-11-12 21:10:45] [VisionModule - VisionSourceSettables - Android_Webcam] [DEBUG] No property focus_absolute for Android_Webcam , skipping.
[2025-11-12 21:10:45] [VisionModule - VisionSourceSettables - Android_Webcam] [INFO] Setting video mode to FPS: 15 Width: 640 Height: 360 Pixel Format: kMJPEG
[2025-11-12 21:10:45] [CSCore - PvCSCoreLogger] [INFO] Android_Webcam: Disconnected from \\?\usb#vid_18d1&pid_4eee&mi_00#6&3b09c1d9&0&0000#{e5323777-f976-4f5b-9b55-b94699c46e44}\global
[2025-11-12 21:10:45] [WebServer - DataChangeService] [DEBUG] Added subscriber - Sources: DCS_WEBSOCKET, DCS_HTTP, DCS_NETWORKTABLES, DCS_VISIONMODULE, DCS_OTHER, Destinations: DCD_UI
[2025-11-12 21:10:45] [WebServer - DataChangeService] [DEBUG] Added subscriber - Sources: DCS_WEBSOCKET, Destinations: DCD_GENSETTINGS
[2025-11-12 21:10:45] [CSCore - PvCSCoreLogger] [INFO] Android_Webcam: Attempting to connect to USB camera on \\?\usb#vid_18d1&pid_4eee&mi_00#6&3b09c1d9&0&0000#{e5323777-f976-4f5b-9b55-b94699c46e44}\global
[2025-11-12 21:10:45] [CSCore - PvCSCoreLogger] [DEBUG] CS: DEBUG 7: Android_Webcam: opening device (UsbCameraImpl.cpp:456)
[2025-11-12 21:10:45] [CSCore - PvCSCoreLogger] [INFO] Android_Webcam: Connected to USB camera on \\?\usb#vid_18d1&pid_4eee&mi_00#6&3b09c1d9&0&0000#{e5323777-f976-4f5b-9b55-b94699c46e44}\global
[2025-11-12 21:10:45] [CSCore - PvCSCoreLogger] [DEBUG] CS: DEBUG 7: Android_Webcam: restoring video mode (UsbCameraImpl.cpp:500)
[2025-11-12 21:10:45] [VisionModule - VisionSourceSettables - Android_Webcam] [DEBUG] Failed to set video mode!
[2025-11-12 21:10:45] [VisionModule - VisionSourceSettables - Android_Webcam] [DEBUG] Setting property raw_Exposure to -11 (user requested 20.0 μs)
[2025-11-12 21:10:45] [VisionModule - VisionSourceSettables - Android_Webcam] [DEBUG] Setting auto exposure to false
[2025-11-12 21:10:45] [VisionModule - VisionSourceSettables - Android_Webcam] [DEBUG] No property auto_exposure_bias for Android_Webcam , skipping.
[2025-11-12 21:10:45] [VisionModule - VisionSourceSettables - Android_Webcam] [DEBUG] No property iso_sensitivity_auto for Android_Webcam , skipping.
[2025-11-12 21:10:45] [VisionModule - VisionSourceSettables - Android_Webcam] [DEBUG] No property iso_sensitivity for Android_Webcam , skipping.
[2025-11-12 21:10:45] [VisionModule - VisionSourceSettables - Android_Webcam] [DEBUG] Setting property raw_Exposure to -11 (user requested 20.0 μs)
[2025-11-12 21:10:45] [VisionModule - VisionSourceSettables - Android_Webcam] [DEBUG] Setting auto white balance to false
[2025-11-12 21:10:45] [VisionModule - VisionSourceSettables - Android_Webcam] [DEBUG] No property white_balance_automatic for Android_Webcam , skipping.
[2025-11-12 21:10:45] [General - OnnxDetectorJNI] [DEBUG] Letterbox scale=1.0 dx=0.0 dy=140.0 original=640x360 letterboxed=640x640
[2025-11-12 21:10:46] [WebServer - DataSocketHandler] [INFO] New websocket connection from /127.0.0.1:49399
[2025-11-12 21:10:46] [Config - ConfigManager] [DEBUG] Saving to disk...
[2025-11-12 21:10:46] [Config - SqlConfigProvider] [DEBUG] Saving to disk
[2025-11-12 21:10:46] [Config - SqlConfigProvider] [INFO] Settings saved!
[2025-11-12 21:10:47] [CSCore - PvCSCoreLogger] [DEBUG] CS: DEBUG 10: serve_I-AET-PF4HBEHD_Port_1182_Output_MJPEG_Server: client connection from 127.0.0.1 (MjpegServerImpl.cpp:957)
[2025-11-12 21:10:47] [CSCore - PvCSCoreLogger] [DEBUG] CS: DEBUG 10: serve_I-AET-PF4HBEHD_Port_1182_Output_MJPEG_Server: HTTP request: 'GET /stream.mjpg HTTP/1.1
'
 (MjpegServerImpl.cpp:811)
[2025-11-12 21:10:47] [CSCore - PvCSCoreLogger] [DEBUG] CS: DEBUG 10: serve_I-AET-PF4HBEHD_Port_1182_Output_MJPEG_Server: command parameters: "" (MjpegServerImpl.cpp:854)
[2025-11-12 21:10:47] [CSCore - PvCSCoreLogger] [DEBUG] CS: DEBUG 10: serve_I-AET-PF4HBEHD_Port_1182_Output_MJPEG_Server: request for stream I-AET-PF4HBEHD_Port_1182_Output_MJPEG_Server (MjpegServerImpl.cpp:872)
[2025-11-12 21:10:47] [CSCore - PvCSCoreLogger] [DEBUG] CS: DEBUG 10: serve_I-AET-PF4HBEHD_Port_1182_Output_MJPEG_Server: Headers send, sending stream now (MjpegServerImpl.cpp:681)
[2025-11-12 21:10:54] [General - NetworkUtils] [ERROR] No MAC address found for Hyper-V Virtual Switch Extension Adapter-Hyper-V Virtual Switch Extension Filter-0000
[2025-11-12 21:10:54] [General - NetworkUtils] [ERROR] Error getting MAC address:: Cannot load from byte/boolean array because "mac" is null
[2025-11-12 21:10:54] [General - NetworkUtils] [ERROR] java.lang.NullPointerException: Cannot load from byte/boolean array because "mac" is null
	at org.photonvision.common.networking.NetworkUtils.formatMacAddress(NetworkUtils.java:259)
	at org.photonvision.common.networking.NetworkUtils.getMacAddress(NetworkUtils.java:236)
	at org.photonvision.common.dataflow.networktables.NetworkTablesManager.checkHostnameAndCameraNames(NetworkTablesManager.java:253)
	at org.photonvision.common.util.TimedTaskManager$CaughtScheduledThreadPoolExecutor.lambda$wrap$0(TimedTaskManager.java:56)
	at java.base/java.util.concurrent.Executors$RunnableAdapter.call(Executors.java:572)
	at java.base/java.util.concurrent.FutureTask.runAndReset(FutureTask.java:358)
	at java.base/java.util.concurrent.ScheduledThreadPoolExecutor$ScheduledFutureTask.run(ScheduledThreadPoolExecutor.java:305)
	at java.base/java.util.concurrent.ThreadPoolExecutor.runWorker(ThreadPoolExecutor.java:1144)
	at java.base/java.util.concurrent.ThreadPoolExecutor$Worker.run(ThreadPoolExecutor.java:642)
	at java.base/java.lang.Thread.run(Thread.java:1583)

[2025-11-12 21:10:54] [NetworkTables - NetworkTablesManager] [ERROR] Cannot check hostname and camera names, MAC address is not set!
[2025-11-12 21:11:00] [WebServer - Server] [DEBUG] Handled HTTP request of type GET from endpoint /index.html of req size -1 bytes & type null with return code 304 for host 127.0.0.1 in 3.0542 ms
[2025-11-12 21:11:00] [WebServer - Server] [DEBUG] Handled HTTP request of type GET from endpoint / of req size -1 bytes & type null with return code 304 for host 127.0.0.1 in 17.471 ms
[2025-11-12 21:11:00] [WebServer - DataSocketHandler] [INFO] Closing websocket connection from /127.0.0.1:49399 for reason: Connection closed by client
[2025-11-12 21:11:00] [WebServer - Server] [DEBUG] Handled HTTP request of type GET from endpoint /assets/index-Ddqsxe46.css of req size -1 bytes & type null with return code 304 for host 127.0.0.1 in 6.4152 ms
[2025-11-12 21:11:00] [WebServer - Server] [DEBUG] Handled HTTP request of type GET from endpoint /assets/index--st3UCqQ.js of req size -1 bytes & type null with return code 304 for host 127.0.0.1 in 6.7776 ms
[2025-11-12 21:11:00] [WebServer - Server] [DEBUG] Handled HTTP request of type GET from endpoint /assets/materialdesignicons-f3sFGprf.css of req size -1 bytes & type null with return code 304 for host 127.0.0.1 in 1.7222 ms
[2025-11-12 21:11:00] [WebServer - Server] [DEBUG] Handled HTTP request of type GET from endpoint /assets/logoLarge-1VIM68we.svg of req size -1 bytes & type null with return code 304 for host 127.0.0.1 in 1.8314 ms
[2025-11-12 21:11:00] [WebServer - Server] [DEBUG] Handled HTTP request of type GET from endpoint /assets/prompt-latin-400-normal-BQ9zjSN8.woff2 of req size -1 bytes & type null with return code 304 for host 127.0.0.1 in 1.6493 ms
[2025-11-12 21:11:01] [WebServer - Server] [DEBUG] Handled HTTP request of type GET from endpoint /assets/materialdesignicons-webfont-Dp5v-WZN.woff2 of req size -1 bytes & type null with return code 304 for host 127.0.0.1 in 1.714 ms
[2025-11-12 21:11:01] [WebServer - DataSocketHandler] [INFO] New websocket connection from /127.0.0.1:53324
[2025-11-12 21:11:01] [CSCore - PvCSCoreLogger] [DEBUG] CS: DEBUG 10: serve_I-AET-PF4HBEHD_Port_1182_Output_MJPEG_Server: client connection from 127.0.0.1 (MjpegServerImpl.cpp:957)
[2025-11-12 21:11:01] [CSCore - PvCSCoreLogger] [DEBUG] CS: DEBUG 10: serve_I-AET-PF4HBEHD_Port_1182_Output_MJPEG_Server: HTTP request: 'GET /stream.mjpg HTTP/1.1
'
 (MjpegServerImpl.cpp:811)
[2025-11-12 21:11:01] [CSCore - PvCSCoreLogger] [DEBUG] CS: DEBUG 10: serve_I-AET-PF4HBEHD_Port_1182_Output_MJPEG_Server: command parameters: "" (MjpegServerImpl.cpp:854)
[2025-11-12 21:11:01] [CSCore - PvCSCoreLogger] [DEBUG] CS: DEBUG 10: serve_I-AET-PF4HBEHD_Port_1182_Output_MJPEG_Server: request for stream I-AET-PF4HBEHD_Port_1182_Output_MJPEG_Server (MjpegServerImpl.cpp:872)
[2025-11-12 21:11:01] [CSCore - PvCSCoreLogger] [DEBUG] CS: DEBUG 10: serve_I-AET-PF4HBEHD_Port_1182_Output_MJPEG_Server: Headers send, sending stream now (MjpegServerImpl.cpp:681)
[2025-11-12 21:11:01] [WebServer - Server] [DEBUG] Handled HTTP request of type GET from endpoint /favicon.ico of req size -1 bytes & type null with return code 304 for host 127.0.0.1 in 1.9515 ms
[2025-11-12 21:11:01] [CSCore - PvCSCoreLogger] [DEBUG] CS: DEBUG 10: serve_I-AET-PF4HBEHD_Port_1182_Output_MJPEG_Server: leaving HTTP client thread (MjpegServerImpl.cpp:919)
[2025-11-12 21:11:04] [General - NetworkUtils] [ERROR] No MAC address found for Hyper-V Virtual Switch Extension Adapter-Hyper-V Virtual Switch Extension Filter-0000
[2025-11-12 21:11:04] [General - NetworkUtils] [ERROR] Error getting MAC address:: Cannot load from byte/boolean array because "mac" is null
[2025-11-12 21:11:04] [General - NetworkUtils] [ERROR] java.lang.NullPointerException: Cannot load from byte/boolean array because "mac" is null
	at org.photonvision.common.networking.NetworkUtils.formatMacAddress(NetworkUtils.java:259)
	at org.photonvision.common.networking.NetworkUtils.getMacAddress(NetworkUtils.java:236)
	at org.photonvision.common.dataflow.networktables.NetworkTablesManager.checkHostnameAndCameraNames(NetworkTablesManager.java:253)
	at org.photonvision.common.util.TimedTaskManager$CaughtScheduledThreadPoolExecutor.lambda$wrap$0(TimedTaskManager.java:56)
	at java.base/java.util.concurrent.Executors$RunnableAdapter.call(Executors.java:572)
	at java.base/java.util.concurrent.FutureTask.runAndReset(FutureTask.java:358)
	at java.base/java.util.concurrent.ScheduledThreadPoolExecutor$ScheduledFutureTask.run(ScheduledThreadPoolExecutor.java:305)
	at java.base/java.util.concurrent.ThreadPoolExecutor.runWorker(ThreadPoolExecutor.java:1144)
	at java.base/java.util.concurrent.ThreadPoolExecutor$Worker.run(ThreadPoolExecutor.java:642)
	at java.base/java.lang.Thread.run(Thread.java:1583)

[2025-11-12 21:11:04] [NetworkTables - NetworkTablesManager] [ERROR] Cannot check hostname and camera names, MAC address is not set!
[2025-11-12 21:11:08] [NetworkTables - NetworkTablesManager] [DEBUG] Starting NT Client with hostname: I-AET-PF4HBEHD
[2025-11-12 21:11:08] [NetworkTables - NetworkTablesManager] [INFO] Starting NT Client, server team is 0
[2025-11-12 21:11:08] [NetworkTables - NetworkTablesManager] [INFO] NT: INFO 20: starting network client (NetworkClient.cpp:46)
[2025-11-12 21:11:08] [NetworkTables - NetworkTablesManager] [ERROR] [NetworkTablesManager] Could not connect to the robot! Will retry in the background...
[2025-11-12 21:11:10] [WebServer - Server] [DEBUG] Handled HTTP request of type GET from endpoint /index.html of req size -1 bytes & type null with return code 304 for host 127.0.0.1 in 2.7396 ms
[2025-11-12 21:11:10] [WebServer - Server] [DEBUG] Handled HTTP request of type GET from endpoint / of req size -1 bytes & type null with return code 304 for host 127.0.0.1 in 7.8079 ms
[2025-11-12 21:11:10] [WebServer - DataSocketHandler] [INFO] Closing websocket connection from /127.0.0.1:53324 for reason: Connection closed by client
[2025-11-12 21:11:10] [WebServer - Server] [DEBUG] Handled HTTP request of type GET from endpoint /assets/index--st3UCqQ.js of req size -1 bytes & type null with return code 304 for host 127.0.0.1 in 2.934 ms
[2025-11-12 21:11:10] [WebServer - Server] [DEBUG] Handled HTTP request of type GET from endpoint /assets/index-Ddqsxe46.css of req size -1 bytes & type null with return code 304 for host 127.0.0.1 in 2.9343 ms
[2025-11-12 21:11:10] [WebServer - Server] [DEBUG] Handled HTTP request of type GET from endpoint /assets/materialdesignicons-f3sFGprf.css of req size -1 bytes & type null with return code 304 for host 127.0.0.1 in 2.3663 ms
[2025-11-12 21:11:10] [WebServer - Server] [DEBUG] Handled HTTP request of type GET from endpoint /assets/logoLarge-1VIM68we.svg of req size -1 bytes & type null with return code 304 for host 127.0.0.1 in 2.1909 ms
[2025-11-12 21:11:10] [WebServer - DataSocketHandler] [INFO] New websocket connection from /127.0.0.1:52966
[2025-11-12 21:11:10] [WebServer - Server] [DEBUG] Handled HTTP request of type GET from endpoint /assets/prompt-latin-400-normal-BQ9zjSN8.woff2 of req size -1 bytes & type null with return code 304 for host 127.0.0.1 in 2.3699 ms
[2025-11-12 21:11:10] [CSCore - PvCSCoreLogger] [DEBUG] CS: DEBUG 10: serve_I-AET-PF4HBEHD_Port_1182_Output_MJPEG_Server: client connection from 127.0.0.1 (MjpegServerImpl.cpp:957)
[2025-11-12 21:11:10] [CSCore - PvCSCoreLogger] [DEBUG] CS: DEBUG 10: serve_I-AET-PF4HBEHD_Port_1182_Output_MJPEG_Server: HTTP request: 'GET /stream.mjpg HTTP/1.1
'
 (MjpegServerImpl.cpp:811)
[2025-11-12 21:11:10] [CSCore - PvCSCoreLogger] [DEBUG] CS: DEBUG 10: serve_I-AET-PF4HBEHD_Port_1182_Output_MJPEG_Server: command parameters: "" (MjpegServerImpl.cpp:854)
[2025-11-12 21:11:10] [CSCore - PvCSCoreLogger] [DEBUG] CS: DEBUG 10: serve_I-AET-PF4HBEHD_Port_1182_Output_MJPEG_Server: request for stream I-AET-PF4HBEHD_Port_1182_Output_MJPEG_Server (MjpegServerImpl.cpp:872)
[2025-11-12 21:11:10] [CSCore - PvCSCoreLogger] [DEBUG] CS: DEBUG 10: serve_I-AET-PF4HBEHD_Port_1182_Output_MJPEG_Server: Headers send, sending stream now (MjpegServerImpl.cpp:681)
[2025-11-12 21:11:10] [WebServer - Server] [DEBUG] Handled HTTP request of type GET from endpoint /favicon.ico of req size -1 bytes & type null with return code 304 for host 127.0.0.1 in 2.3406 ms
[2025-11-12 21:11:10] [CSCore - PvCSCoreLogger] [DEBUG] CS: DEBUG 10: serve_I-AET-PF4HBEHD_Port_1182_Output_MJPEG_Server: leaving HTTP client thread (MjpegServerImpl.cpp:919)
[2025-11-12 21:11:13] [WebServer - Server] [DEBUG] Handled HTTP request of type GET from endpoint /index.html of req size -1 bytes & type null with return code 304 for host 127.0.0.1 in 1.8169 ms
[2025-11-12 21:11:13] [WebServer - Server] [DEBUG] Handled HTTP request of type GET from endpoint / of req size -1 bytes & type null with return code 304 for host 127.0.0.1 in 4.9184 ms
[2025-11-12 21:11:13] [WebServer - DataSocketHandler] [INFO] Closing websocket connection from /127.0.0.1:52966 for reason: Connection closed by client
[2025-11-12 21:11:13] [WebServer - Server] [DEBUG] Handled HTTP request of type GET from endpoint /assets/index-Ddqsxe46.css of req size -1 bytes & type null with return code 304 for host 127.0.0.1 in 3.0306 ms
[2025-11-12 21:11:13] [WebServer - Server] [DEBUG] Handled HTTP request of type GET from endpoint /assets/index--st3UCqQ.js of req size -1 bytes & type null with return code 304 for host 127.0.0.1 in 3.2354 ms
[2025-11-12 21:11:13] [WebServer - Server] [DEBUG] Handled HTTP request of type GET from endpoint /assets/materialdesignicons-f3sFGprf.css of req size -1 bytes & type null with return code 304 for host 127.0.0.1 in 3.2449 ms
[2025-11-12 21:11:13] [WebServer - DataSocketHandler] [INFO] New websocket connection from /127.0.0.1:56990
[2025-11-12 21:11:13] [WebServer - Server] [DEBUG] Handled HTTP request of type GET from endpoint /assets/logoLarge-1VIM68we.svg of req size -1 bytes & type null with return code 304 for host 127.0.0.1 in 1.9152 ms
[2025-11-12 21:11:13] [WebServer - Server] [DEBUG] Handled HTTP request of type GET from endpoint /assets/prompt-latin-400-normal-BQ9zjSN8.woff2 of req size -1 bytes & type null with return code 304 for host 127.0.0.1 in 2.4533 ms
[2025-11-12 21:11:14] [CSCore - PvCSCoreLogger] [DEBUG] CS: DEBUG 10: serve_I-AET-PF4HBEHD_Port_1182_Output_MJPEG_Server: client connection from 127.0.0.1 (MjpegServerImpl.cpp:957)
[2025-11-12 21:11:14] [CSCore - PvCSCoreLogger] [DEBUG] CS: DEBUG 10: serve_I-AET-PF4HBEHD_Port_1182_Output_MJPEG_Server: HTTP request: 'GET /stream.mjpg HTTP/1.1
'
 (MjpegServerImpl.cpp:811)
[2025-11-12 21:11:14] [CSCore - PvCSCoreLogger] [DEBUG] CS: DEBUG 10: serve_I-AET-PF4HBEHD_Port_1182_Output_MJPEG_Server: command parameters: "" (MjpegServerImpl.cpp:854)
[2025-11-12 21:11:14] [CSCore - PvCSCoreLogger] [DEBUG] CS: DEBUG 10: serve_I-AET-PF4HBEHD_Port_1182_Output_MJPEG_Server: request for stream I-AET-PF4HBEHD_Port_1182_Output_MJPEG_Server (MjpegServerImpl.cpp:872)
[2025-11-12 21:11:14] [CSCore - PvCSCoreLogger] [DEBUG] CS: DEBUG 10: serve_I-AET-PF4HBEHD_Port_1182_Output_MJPEG_Server: Headers send, sending stream now (MjpegServerImpl.cpp:681)
[2025-11-12 21:11:14] [WebServer - Server] [DEBUG] Handled HTTP request of type GET from endpoint /favicon.ico of req size -1 bytes & type null with return code 304 for host 127.0.0.1 in 2.5526 ms
[2025-11-12 21:11:14] [CSCore - PvCSCoreLogger] [DEBUG] CS: DEBUG 10: serve_I-AET-PF4HBEHD_Port_1182_Output_MJPEG_Server: leaving HTTP client thread (MjpegServerImpl.cpp:919)
[2025-11-12 21:11:14] [General - NetworkUtils] [ERROR] No MAC address found for Hyper-V Virtual Switch Extension Adapter-Hyper-V Virtual Switch Extension Filter-0000
[2025-11-12 21:11:14] [General - NetworkUtils] [ERROR] Error getting MAC address:: Cannot load from byte/boolean array because "mac" is null
[2025-11-12 21:11:14] [General - NetworkUtils] [ERROR] java.lang.NullPointerException: Cannot load from byte/boolean array because "mac" is null
	at org.photonvision.common.networking.NetworkUtils.formatMacAddress(NetworkUtils.java:259)
	at org.photonvision.common.networking.NetworkUtils.getMacAddress(NetworkUtils.java:236)
	at org.photonvision.common.dataflow.networktables.NetworkTablesManager.checkHostnameAndCameraNames(NetworkTablesManager.java:253)
	at org.photonvision.common.util.TimedTaskManager$CaughtScheduledThreadPoolExecutor.lambda$wrap$0(TimedTaskManager.java:56)
	at java.base/java.util.concurrent.Executors$RunnableAdapter.call(Executors.java:572)
	at java.base/java.util.concurrent.FutureTask.runAndReset(FutureTask.java:358)
	at java.base/java.util.concurrent.ScheduledThreadPoolExecutor$ScheduledFutureTask.run(ScheduledThreadPoolExecutor.java:305)
	at java.base/java.util.concurrent.ThreadPoolExecutor.runWorker(ThreadPoolExecutor.java:1144)
	at java.base/java.util.concurrent.ThreadPoolExecutor$Worker.run(ThreadPoolExecutor.java:642)
	at java.base/java.lang.Thread.run(Thread.java:1583)

[2025-11-12 21:11:14] [NetworkTables - NetworkTablesManager] [ERROR] Cannot check hostname and camera names, MAC address is not set!
[2025-11-12 21:11:24] [General - NetworkUtils] [ERROR] No MAC address found for Hyper-V Virtual Switch Extension Adapter-Hyper-V Virtual Switch Extension Filter-0000
[2025-11-12 21:11:24] [General - NetworkUtils] [ERROR] Error getting MAC address:: Cannot load from byte/boolean array because "mac" is null
[2025-11-12 21:11:24] [General - NetworkUtils] [ERROR] java.lang.NullPointerException: Cannot load from byte/boolean array because "mac" is null
	at org.photonvision.common.networking.NetworkUtils.formatMacAddress(NetworkUtils.java:259)
	at org.photonvision.common.networking.NetworkUtils.getMacAddress(NetworkUtils.java:236)
	at org.photonvision.common.dataflow.networktables.NetworkTablesManager.checkHostnameAndCameraNames(NetworkTablesManager.java:253)
	at org.photonvision.common.util.TimedTaskManager$CaughtScheduledThreadPoolExecutor.lambda$wrap$0(TimedTaskManager.java:56)
	at java.base/java.util.concurrent.Executors$RunnableAdapter.call(Executors.java:572)
	at java.base/java.util.concurrent.FutureTask.runAndReset(FutureTask.java:358)
	at java.base/java.util.concurrent.ScheduledThreadPoolExecutor$ScheduledFutureTask.run(ScheduledThreadPoolExecutor.java:305)
	at java.base/java.util.concurrent.ThreadPoolExecutor.runWorker(ThreadPoolExecutor.java:1144)
	at java.base/java.util.concurrent.ThreadPoolExecutor$Worker.run(ThreadPoolExecutor.java:642)
	at java.base/java.lang.Thread.run(Thread.java:1583)

[2025-11-12 21:11:24] [NetworkTables - NetworkTablesManager] [ERROR] Cannot check hostname and camera names, MAC address is not set!
[2025-11-12 21:11:32] [NetworkTables - NetworkTablesManager] [DEBUG] Starting NT Client with hostname: I-AET-PF4HBEHD
[2025-11-12 21:11:32] [NetworkTables - NetworkTablesManager] [INFO] NT: INFO 20: starting network client (NetworkClient.cpp:46)
[2025-11-12 21:11:34] [General - NetworkUtils] [ERROR] No MAC address found for Hyper-V Virtual Switch Extension Adapter-Hyper-V Virtual Switch Extension Filter-0000
[2025-11-12 21:11:34] [General - NetworkUtils] [ERROR] Error getting MAC address:: Cannot load from byte/boolean array because "mac" is null
[2025-11-12 21:11:34] [General - NetworkUtils] [ERROR] java.lang.NullPointerException: Cannot load from byte/boolean array because "mac" is null
	at org.photonvision.common.networking.NetworkUtils.formatMacAddress(NetworkUtils.java:259)
	at org.photonvision.common.networking.NetworkUtils.getMacAddress(NetworkUtils.java:236)
	at org.photonvision.common.dataflow.networktables.NetworkTablesManager.checkHostnameAndCameraNames(NetworkTablesManager.java:253)
	at org.photonvision.common.util.TimedTaskManager$CaughtScheduledThreadPoolExecutor.lambda$wrap$0(TimedTaskManager.java:56)
	at java.base/java.util.concurrent.Executors$RunnableAdapter.call(Executors.java:572)
	at java.base/java.util.concurrent.FutureTask.runAndReset(FutureTask.java:358)
	at java.base/java.util.concurrent.ScheduledThreadPoolExecutor$ScheduledFutureTask.run(ScheduledThreadPoolExecutor.java:305)
	at java.base/java.util.concurrent.ThreadPoolExecutor.runWorker(ThreadPoolExecutor.java:1144)
	at java.base/java.util.concurrent.ThreadPoolExecutor$Worker.run(ThreadPoolExecutor.java:642)
	at java.base/java.lang.Thread.run(Thread.java:1583)

[2025-11-12 21:11:34] [NetworkTables - NetworkTablesManager] [ERROR] Cannot check hostname and camera names, MAC address is not set!
[2025-11-12 21:11:44] [General - NetworkUtils] [ERROR] No MAC address found for Hyper-V Virtual Switch Extension Adapter-Hyper-V Virtual Switch Extension Filter-0000
[2025-11-12 21:11:44] [General - NetworkUtils] [ERROR] Error getting MAC address:: Cannot load from byte/boolean array because "mac" is null
[2025-11-12 21:11:44] [General - NetworkUtils] [ERROR] java.lang.NullPointerException: Cannot load from byte/boolean array because "mac" is null
	at org.photonvision.common.networking.NetworkUtils.formatMacAddress(NetworkUtils.java:259)
	at org.photonvision.common.networking.NetworkUtils.getMacAddress(NetworkUtils.java:236)
	at org.photonvision.common.dataflow.networktables.NetworkTablesManager.checkHostnameAndCameraNames(NetworkTablesManager.java:253)
	at org.photonvision.common.util.TimedTaskManager$CaughtScheduledThreadPoolExecutor.lambda$wrap$0(TimedTaskManager.java:56)
	at java.base/java.util.concurrent.Executors$RunnableAdapter.call(Executors.java:572)
	at java.base/java.util.concurrent.FutureTask.runAndReset(FutureTask.java:358)
	at java.base/java.util.concurrent.ScheduledThreadPoolExecutor$ScheduledFutureTask.run(ScheduledThreadPoolExecutor.java:305)
	at java.base/java.util.concurrent.ThreadPoolExecutor.runWorker(ThreadPoolExecutor.java:1144)
	at java.base/java.util.concurrent.ThreadPoolExecutor$Worker.run(ThreadPoolExecutor.java:642)
	at java.base/java.lang.Thread.run(Thread.java:1583)

[2025-11-12 21:11:44] [NetworkTables - NetworkTablesManager] [ERROR] Cannot check hostname and camera names, MAC address is not set!
[2025-11-12 21:11:54] [General - NetworkUtils] [ERROR] No MAC address found for Hyper-V Virtual Switch Extension Adapter-Hyper-V Virtual Switch Extension Filter-0000
[2025-11-12 21:11:54] [General - NetworkUtils] [ERROR] Error getting MAC address:: Cannot load from byte/boolean array because "mac" is null
[2025-11-12 21:11:54] [General - NetworkUtils] [ERROR] java.lang.NullPointerException: Cannot load from byte/boolean array because "mac" is null
	at org.photonvision.common.networking.NetworkUtils.formatMacAddress(NetworkUtils.java:259)
	at org.photonvision.common.networking.NetworkUtils.getMacAddress(NetworkUtils.java:236)
	at org.photonvision.common.dataflow.networktables.NetworkTablesManager.checkHostnameAndCameraNames(NetworkTablesManager.java:253)
	at org.photonvision.common.util.TimedTaskManager$CaughtScheduledThreadPoolExecutor.lambda$wrap$0(TimedTaskManager.java:56)
	at java.base/java.util.concurrent.Executors$RunnableAdapter.call(Executors.java:572)
	at java.base/java.util.concurrent.FutureTask.runAndReset(FutureTask.java:358)
	at java.base/java.util.concurrent.ScheduledThreadPoolExecutor$ScheduledFutureTask.run(ScheduledThreadPoolExecutor.java:305)
	at java.base/java.util.concurrent.ThreadPoolExecutor.runWorker(ThreadPoolExecutor.java:1144)
	at java.base/java.util.concurrent.ThreadPoolExecutor$Worker.run(ThreadPoolExecutor.java:642)
	at java.base/java.lang.Thread.run(Thread.java:1583)

[2025-11-12 21:11:54] [NetworkTables - NetworkTablesManager] [ERROR] Cannot check hostname and camera names, MAC address is not set!
[2025-11-12 21:12:04] [General - NetworkUtils] [ERROR] No MAC address found for Hyper-V Virtual Switch Extension Adapter-Hyper-V Virtual Switch Extension Filter-0000
[2025-11-12 21:12:04] [General - NetworkUtils] [ERROR] Error getting MAC address:: Cannot load from byte/boolean array because "mac" is null
[2025-11-12 21:12:04] [General - NetworkUtils] [ERROR] java.lang.NullPointerException: Cannot load from byte/boolean array because "mac" is null
	at org.photonvision.common.networking.NetworkUtils.formatMacAddress(NetworkUtils.java:259)
	at org.photonvision.common.networking.NetworkUtils.getMacAddress(NetworkUtils.java:236)
	at org.photonvision.common.dataflow.networktables.NetworkTablesManager.checkHostnameAndCameraNames(NetworkTablesManager.java:253)
	at org.photonvision.common.util.TimedTaskManager$CaughtScheduledThreadPoolExecutor.lambda$wrap$0(TimedTaskManager.java:56)
	at java.base/java.util.concurrent.Executors$RunnableAdapter.call(Executors.java:572)
	at java.base/java.util.concurrent.FutureTask.runAndReset(FutureTask.java:358)
	at java.base/java.util.concurrent.ScheduledThreadPoolExecutor$ScheduledFutureTask.run(ScheduledThreadPoolExecutor.java:305)
	at java.base/java.util.concurrent.ThreadPoolExecutor.runWorker(ThreadPoolExecutor.java:1144)
	at java.base/java.util.concurrent.ThreadPoolExecutor$Worker.run(ThreadPoolExecutor.java:642)
	at java.base/java.lang.Thread.run(Thread.java:1583)

[2025-11-12 21:12:04] [NetworkTables - NetworkTablesManager] [ERROR] Cannot check hostname and camera names, MAC address is not set!
[2025-11-12 21:12:05] [NetworkTables - NetworkTablesManager] [DEBUG] Starting NT Client with hostname: I-AET-PF4HBEHD
[2025-11-12 21:12:05] [NetworkTables - NetworkTablesManager] [INFO] NT: INFO 20: starting network client (NetworkClient.cpp:46)
[2025-11-12 21:12:14] [General - NetworkUtils] [ERROR] No MAC address found for Hyper-V Virtual Switch Extension Adapter-Hyper-V Virtual Switch Extension Filter-0000
[2025-11-12 21:12:14] [General - NetworkUtils] [ERROR] Error getting MAC address:: Cannot load from byte/boolean array because "mac" is null
[2025-11-12 21:12:14] [General - NetworkUtils] [ERROR] java.lang.NullPointerException: Cannot load from byte/boolean array because "mac" is null
	at org.photonvision.common.networking.NetworkUtils.formatMacAddress(NetworkUtils.java:259)
	at org.photonvision.common.networking.NetworkUtils.getMacAddress(NetworkUtils.java:236)
	at org.photonvision.common.dataflow.networktables.NetworkTablesManager.checkHostnameAndCameraNames(NetworkTablesManager.java:253)
	at org.photonvision.common.util.TimedTaskManager$CaughtScheduledThreadPoolExecutor.lambda$wrap$0(TimedTaskManager.java:56)
	at java.base/java.util.concurrent.Executors$RunnableAdapter.call(Executors.java:572)
	at java.base/java.util.concurrent.FutureTask.runAndReset(FutureTask.java:358)
	at java.base/java.util.concurrent.ScheduledThreadPoolExecutor$ScheduledFutureTask.run(ScheduledThreadPoolExecutor.java:305)
	at java.base/java.util.concurrent.ThreadPoolExecutor.runWorker(ThreadPoolExecutor.java:1144)
	at java.base/java.util.concurrent.ThreadPoolExecutor$Worker.run(ThreadPoolExecutor.java:642)
	at java.base/java.lang.Thread.run(Thread.java:1583)

[2025-11-12 21:12:14] [NetworkTables - NetworkTablesManager] [ERROR] Cannot check hostname and camera names, MAC address is not set!
[2025-11-12 21:12:24] [General - NetworkUtils] [ERROR] No MAC address found for Hyper-V Virtual Switch Extension Adapter-Hyper-V Virtual Switch Extension Filter-0000
[2025-11-12 21:12:24] [General - NetworkUtils] [ERROR] Error getting MAC address:: Cannot load from byte/boolean array because "mac" is null
[2025-11-12 21:12:24] [General - NetworkUtils] [ERROR] java.lang.NullPointerException: Cannot load from byte/boolean array because "mac" is null
	at org.photonvision.common.networking.NetworkUtils.formatMacAddress(NetworkUtils.java:259)
	at org.photonvision.common.networking.NetworkUtils.getMacAddress(NetworkUtils.java:236)
	at org.photonvision.common.dataflow.networktables.NetworkTablesManager.checkHostnameAndCameraNames(NetworkTablesManager.java:253)
	at org.photonvision.common.util.TimedTaskManager$CaughtScheduledThreadPoolExecutor.lambda$wrap$0(TimedTaskManager.java:56)
	at java.base/java.util.concurrent.Executors$RunnableAdapter.call(Executors.java:572)
	at java.base/java.util.concurrent.FutureTask.runAndReset(FutureTask.java:358)
	at java.base/java.util.concurrent.ScheduledThreadPoolExecutor$ScheduledFutureTask.run(ScheduledThreadPoolExecutor.java:305)
	at java.base/java.util.concurrent.ThreadPoolExecutor.runWorker(ThreadPoolExecutor.java:1144)
	at java.base/java.util.concurrent.ThreadPoolExecutor$Worker.run(ThreadPoolExecutor.java:642)
	at java.base/java.lang.Thread.run(Thread.java:1583)

[2025-11-12 21:12:24] [NetworkTables - NetworkTablesManager] [ERROR] Cannot check hostname and camera names, MAC address is not set!
[2025-11-12 21:12:29] [NetworkTables - NetworkTablesManager] [DEBUG] Starting NT Client with hostname: I-AET-PF4HBEHD
[2025-11-12 21:12:29] [NetworkTables - NetworkTablesManager] [INFO] NT: INFO 20: starting network client (NetworkClient.cpp:46)
[2025-11-12 21:12:34] [General - NetworkUtils] [ERROR] No MAC address found for Hyper-V Virtual Switch Extension Adapter-Hyper-V Virtual Switch Extension Filter-0000
[2025-11-12 21:12:34] [General - NetworkUtils] [ERROR] Error getting MAC address:: Cannot load from byte/boolean array because "mac" is null
[2025-11-12 21:12:34] [General - NetworkUtils] [ERROR] java.lang.NullPointerException: Cannot load from byte/boolean array because "mac" is null
	at org.photonvision.common.networking.NetworkUtils.formatMacAddress(NetworkUtils.java:259)
	at org.photonvision.common.networking.NetworkUtils.getMacAddress(NetworkUtils.java:236)
	at org.photonvision.common.dataflow.networktables.NetworkTablesManager.checkHostnameAndCameraNames(NetworkTablesManager.java:253)
	at org.photonvision.common.util.TimedTaskManager$CaughtScheduledThreadPoolExecutor.lambda$wrap$0(TimedTaskManager.java:56)
	at java.base/java.util.concurrent.Executors$RunnableAdapter.call(Executors.java:572)
	at java.base/java.util.concurrent.FutureTask.runAndReset(FutureTask.java:358)
	at java.base/java.util.concurrent.ScheduledThreadPoolExecutor$ScheduledFutureTask.run(ScheduledThreadPoolExecutor.java:305)
	at java.base/java.util.concurrent.ThreadPoolExecutor.runWorker(ThreadPoolExecutor.java:1144)
	at java.base/java.util.concurrent.ThreadPoolExecutor$Worker.run(ThreadPoolExecutor.java:642)
	at java.base/java.lang.Thread.run(Thread.java:1583)

[2025-11-12 21:12:34] [NetworkTables - NetworkTablesManager] [ERROR] Cannot check hostname and camera names, MAC address is not set!
[2025-11-12 21:12:44] [General - NetworkUtils] [ERROR] No MAC address found for Hyper-V Virtual Switch Extension Adapter-Hyper-V Virtual Switch Extension Filter-0000
[2025-11-12 21:12:44] [General - NetworkUtils] [ERROR] Error getting MAC address:: Cannot load from byte/boolean array because "mac" is null
[2025-11-12 21:12:44] [General - NetworkUtils] [ERROR] java.lang.NullPointerException: Cannot load from byte/boolean array because "mac" is null
	at org.photonvision.common.networking.NetworkUtils.formatMacAddress(NetworkUtils.java:259)
	at org.photonvision.common.networking.NetworkUtils.getMacAddress(NetworkUtils.java:236)
	at org.photonvision.common.dataflow.networktables.NetworkTablesManager.checkHostnameAndCameraNames(NetworkTablesManager.java:253)
	at org.photonvision.common.util.TimedTaskManager$CaughtScheduledThreadPoolExecutor.lambda$wrap$0(TimedTaskManager.java:56)
	at java.base/java.util.concurrent.Executors$RunnableAdapter.call(Executors.java:572)
	at java.base/java.util.concurrent.FutureTask.runAndReset(FutureTask.java:358)
	at java.base/java.util.concurrent.ScheduledThreadPoolExecutor$ScheduledFutureTask.run(ScheduledThreadPoolExecutor.java:305)
	at java.base/java.util.concurrent.ThreadPoolExecutor.runWorker(ThreadPoolExecutor.java:1144)
	at java.base/java.util.concurrent.ThreadPoolExecutor$Worker.run(ThreadPoolExecutor.java:642)
	at java.base/java.lang.Thread.run(Thread.java:1583)

[2025-11-12 21:12:44] [NetworkTables - NetworkTablesManager] [ERROR] Cannot check hostname and camera names, MAC address is not set!
[2025-11-12 21:12:54] [General - NetworkUtils] [ERROR] No MAC address found for Hyper-V Virtual Switch Extension Adapter-Hyper-V Virtual Switch Extension Filter-0000
[2025-11-12 21:12:54] [General - NetworkUtils] [ERROR] Error getting MAC address:: Cannot load from byte/boolean array because "mac" is null
[2025-11-12 21:12:54] [General - NetworkUtils] [ERROR] java.lang.NullPointerException: Cannot load from byte/boolean array because "mac" is null
	at org.photonvision.common.networking.NetworkUtils.formatMacAddress(NetworkUtils.java:259)
	at org.photonvision.common.networking.NetworkUtils.getMacAddress(NetworkUtils.java:236)
	at org.photonvision.common.dataflow.networktables.NetworkTablesManager.checkHostnameAndCameraNames(NetworkTablesManager.java:253)
	at org.photonvision.common.util.TimedTaskManager$CaughtScheduledThreadPoolExecutor.lambda$wrap$0(TimedTaskManager.java:56)
	at java.base/java.util.concurrent.Executors$RunnableAdapter.call(Executors.java:572)
	at java.base/java.util.concurrent.FutureTask.runAndReset(FutureTask.java:358)
	at java.base/java.util.concurrent.ScheduledThreadPoolExecutor$ScheduledFutureTask.run(ScheduledThreadPoolExecutor.java:305)
	at java.base/java.util.concurrent.ThreadPoolExecutor.runWorker(ThreadPoolExecutor.java:1144)
	at java.base/java.util.concurrent.ThreadPoolExecutor$Worker.run(ThreadPoolExecutor.java:642)
	at java.base/java.lang.Thread.run(Thread.java:1583)

[2025-11-12 21:12:54] [NetworkTables - NetworkTablesManager] [ERROR] Cannot check hostname and camera names, MAC address is not set!
[2025-11-12 21:13:03] [NetworkTables - NetworkTablesManager] [DEBUG] Starting NT Client with hostname: I-AET-PF4HBEHD
[2025-11-12 21:13:03] [NetworkTables - NetworkTablesManager] [INFO] NT: INFO 20: starting network client (NetworkClient.cpp:46)
[2025-11-12 21:13:04] [General - NetworkUtils] [ERROR] No MAC address found for Hyper-V Virtual Switch Extension Adapter-Hyper-V Virtual Switch Extension Filter-0000
[2025-11-12 21:13:04] [General - NetworkUtils] [ERROR] Error getting MAC address:: Cannot load from byte/boolean array because "mac" is null
[2025-11-12 21:13:04] [General - NetworkUtils] [ERROR] java.lang.NullPointerException: Cannot load from byte/boolean array because "mac" is null
	at org.photonvision.common.networking.NetworkUtils.formatMacAddress(NetworkUtils.java:259)
	at org.photonvision.common.networking.NetworkUtils.getMacAddress(NetworkUtils.java:236)
	at org.photonvision.common.dataflow.networktables.NetworkTablesManager.checkHostnameAndCameraNames(NetworkTablesManager.java:253)
	at org.photonvision.common.util.TimedTaskManager$CaughtScheduledThreadPoolExecutor.lambda$wrap$0(TimedTaskManager.java:56)
	at java.base/java.util.concurrent.Executors$RunnableAdapter.call(Executors.java:572)
	at java.base/java.util.concurrent.FutureTask.runAndReset(FutureTask.java:358)
	at java.base/java.util.concurrent.ScheduledThreadPoolExecutor$ScheduledFutureTask.run(ScheduledThreadPoolExecutor.java:305)
	at java.base/java.util.concurrent.ThreadPoolExecutor.runWorker(ThreadPoolExecutor.java:1144)
	at java.base/java.util.concurrent.ThreadPoolExecutor$Worker.run(ThreadPoolExecutor.java:642)
	at java.base/java.lang.Thread.run(Thread.java:1583)

[2025-11-12 21:13:04] [NetworkTables - NetworkTablesManager] [ERROR] Cannot check hostname and camera names, MAC address is not set!
[2025-11-12 21:13:14] [General - NetworkUtils] [ERROR] No MAC address found for Hyper-V Virtual Switch Extension Adapter-Hyper-V Virtual Switch Extension Filter-0000
[2025-11-12 21:13:14] [General - NetworkUtils] [ERROR] Error getting MAC address:: Cannot load from byte/boolean array because "mac" is null
[2025-11-12 21:13:14] [General - NetworkUtils] [ERROR] java.lang.NullPointerException: Cannot load from byte/boolean array because "mac" is null
	at org.photonvision.common.networking.NetworkUtils.formatMacAddress(NetworkUtils.java:259)
	at org.photonvision.common.networking.NetworkUtils.getMacAddress(NetworkUtils.java:236)
	at org.photonvision.common.dataflow.networktables.NetworkTablesManager.checkHostnameAndCameraNames(NetworkTablesManager.java:253)
	at org.photonvision.common.util.TimedTaskManager$CaughtScheduledThreadPoolExecutor.lambda$wrap$0(TimedTaskManager.java:56)
	at java.base/java.util.concurrent.Executors$RunnableAdapter.call(Executors.java:572)
	at java.base/java.util.concurrent.FutureTask.runAndReset(FutureTask.java:358)
	at java.base/java.util.concurrent.ScheduledThreadPoolExecutor$ScheduledFutureTask.run(ScheduledThreadPoolExecutor.java:305)
	at java.base/java.util.concurrent.ThreadPoolExecutor.runWorker(ThreadPoolExecutor.java:1144)
	at java.base/java.util.concurrent.ThreadPoolExecutor$Worker.run(ThreadPoolExecutor.java:642)
	at java.base/java.lang.Thread.run(Thread.java:1583)

[2025-11-12 21:13:14] [NetworkTables - NetworkTablesManager] [ERROR] Cannot check hostname and camera names, MAC address is not set!
[2025-11-12 21:13:24] [General - NetworkUtils] [ERROR] No MAC address found for Hyper-V Virtual Switch Extension Adapter-Hyper-V Virtual Switch Extension Filter-0000
[2025-11-12 21:13:24] [General - NetworkUtils] [ERROR] Error getting MAC address:: Cannot load from byte/boolean array because "mac" is null
[2025-11-12 21:13:24] [General - NetworkUtils] [ERROR] java.lang.NullPointerException: Cannot load from byte/boolean array because "mac" is null
	at org.photonvision.common.networking.NetworkUtils.formatMacAddress(NetworkUtils.java:259)
	at org.photonvision.common.networking.NetworkUtils.getMacAddress(NetworkUtils.java:236)
	at org.photonvision.common.dataflow.networktables.NetworkTablesManager.checkHostnameAndCameraNames(NetworkTablesManager.java:253)
	at org.photonvision.common.util.TimedTaskManager$CaughtScheduledThreadPoolExecutor.lambda$wrap$0(TimedTaskManager.java:56)
	at java.base/java.util.concurrent.Executors$RunnableAdapter.call(Executors.java:572)
	at java.base/java.util.concurrent.FutureTask.runAndReset(FutureTask.java:358)
	at java.base/java.util.concurrent.ScheduledThreadPoolExecutor$ScheduledFutureTask.run(ScheduledThreadPoolExecutor.java:305)
	at java.base/java.util.concurrent.ThreadPoolExecutor.runWorker(ThreadPoolExecutor.java:1144)
	at java.base/java.util.concurrent.ThreadPoolExecutor$Worker.run(ThreadPoolExecutor.java:642)
	at java.base/java.lang.Thread.run(Thread.java:1583)

[2025-11-12 21:13:24] [NetworkTables - NetworkTablesManager] [ERROR] Cannot check hostname and camera names, MAC address is not set!
[2025-11-12 21:13:27] [NetworkTables - NetworkTablesManager] [DEBUG] Starting NT Client with hostname: I-AET-PF4HBEHD
[2025-11-12 21:13:27] [NetworkTables - NetworkTablesManager] [INFO] NT: INFO 20: starting network client (NetworkClient.cpp:46)
[2025-11-12 21:13:34] [General - NetworkUtils] [ERROR] No MAC address found for Hyper-V Virtual Switch Extension Adapter-Hyper-V Virtual Switch Extension Filter-0000
[2025-11-12 21:13:34] [General - NetworkUtils] [ERROR] Error getting MAC address:: Cannot load from byte/boolean array because "mac" is null
[2025-11-12 21:13:34] [General - NetworkUtils] [ERROR] java.lang.NullPointerException: Cannot load from byte/boolean array because "mac" is null
	at org.photonvision.common.networking.NetworkUtils.formatMacAddress(NetworkUtils.java:259)
	at org.photonvision.common.networking.NetworkUtils.getMacAddress(NetworkUtils.java:236)
	at org.photonvision.common.dataflow.networktables.NetworkTablesManager.checkHostnameAndCameraNames(NetworkTablesManager.java:253)
	at org.photonvision.common.util.TimedTaskManager$CaughtScheduledThreadPoolExecutor.lambda$wrap$0(TimedTaskManager.java:56)
	at java.base/java.util.concurrent.Executors$RunnableAdapter.call(Executors.java:572)
	at java.base/java.util.concurrent.FutureTask.runAndReset(FutureTask.java:358)
	at java.base/java.util.concurrent.ScheduledThreadPoolExecutor$ScheduledFutureTask.run(ScheduledThreadPoolExecutor.java:305)
	at java.base/java.util.concurrent.ThreadPoolExecutor.runWorker(ThreadPoolExecutor.java:1144)
	at java.base/java.util.concurrent.ThreadPoolExecutor$Worker.run(ThreadPoolExecutor.java:642)
	at java.base/java.lang.Thread.run(Thread.java:1583)

[2025-11-12 21:13:34] [NetworkTables - NetworkTablesManager] [ERROR] Cannot check hostname and camera names, MAC address is not set!
[2025-11-12 21:13:44] [General - NetworkUtils] [ERROR] No MAC address found for Hyper-V Virtual Switch Extension Adapter-Hyper-V Virtual Switch Extension Filter-0000
[2025-11-12 21:13:44] [General - NetworkUtils] [ERROR] Error getting MAC address:: Cannot load from byte/boolean array because "mac" is null
[2025-11-12 21:13:44] [General - NetworkUtils] [ERROR] java.lang.NullPointerException: Cannot load from byte/boolean array because "mac" is null
	at org.photonvision.common.networking.NetworkUtils.formatMacAddress(NetworkUtils.java:259)
	at org.photonvision.common.networking.NetworkUtils.getMacAddress(NetworkUtils.java:236)
	at org.photonvision.common.dataflow.networktables.NetworkTablesManager.checkHostnameAndCameraNames(NetworkTablesManager.java:253)
	at org.photonvision.common.util.TimedTaskManager$CaughtScheduledThreadPoolExecutor.lambda$wrap$0(TimedTaskManager.java:56)
	at java.base/java.util.concurrent.Executors$RunnableAdapter.call(Executors.java:572)
	at java.base/java.util.concurrent.FutureTask.runAndReset(FutureTask.java:358)
	at java.base/java.util.concurrent.ScheduledThreadPoolExecutor$ScheduledFutureTask.run(ScheduledThreadPoolExecutor.java:305)
	at java.base/java.util.concurrent.ThreadPoolExecutor.runWorker(ThreadPoolExecutor.java:1144)
	at java.base/java.util.concurrent.ThreadPoolExecutor$Worker.run(ThreadPoolExecutor.java:642)
	at java.base/java.lang.Thread.run(Thread.java:1583)

[2025-11-12 21:13:44] [NetworkTables - NetworkTablesManager] [ERROR] Cannot check hostname and camera names, MAC address is not set!
[2025-11-12 21:13:51] [NetworkTables - NetworkTablesManager] [DEBUG] Starting NT Client with hostname: I-AET-PF4HBEHD
[2025-11-12 21:13:51] [NetworkTables - NetworkTablesManager] [INFO] NT: INFO 20: starting network client (NetworkClient.cpp:46)
[2025-11-12 21:13:54] [General - NetworkUtils] [ERROR] No MAC address found for Hyper-V Virtual Switch Extension Adapter-Hyper-V Virtual Switch Extension Filter-0000
[2025-11-12 21:13:54] [General - NetworkUtils] [ERROR] Error getting MAC address:: Cannot load from byte/boolean array because "mac" is null
[2025-11-12 21:13:54] [General - NetworkUtils] [ERROR] java.lang.NullPointerException: Cannot load from byte/boolean array because "mac" is null
	at org.photonvision.common.networking.NetworkUtils.formatMacAddress(NetworkUtils.java:259)
	at org.photonvision.common.networking.NetworkUtils.getMacAddress(NetworkUtils.java:236)
	at org.photonvision.common.dataflow.networktables.NetworkTablesManager.checkHostnameAndCameraNames(NetworkTablesManager.java:253)
	at org.photonvision.common.util.TimedTaskManager$CaughtScheduledThreadPoolExecutor.lambda$wrap$0(TimedTaskManager.java:56)
	at java.base/java.util.concurrent.Executors$RunnableAdapter.call(Executors.java:572)
	at java.base/java.util.concurrent.FutureTask.runAndReset(FutureTask.java:358)
	at java.base/java.util.concurrent.ScheduledThreadPoolExecutor$ScheduledFutureTask.run(ScheduledThreadPoolExecutor.java:305)
	at java.base/java.util.concurrent.ThreadPoolExecutor.runWorker(ThreadPoolExecutor.java:1144)
	at java.base/java.util.concurrent.ThreadPoolExecutor$Worker.run(ThreadPoolExecutor.java:642)
	at java.base/java.lang.Thread.run(Thread.java:1583)

[2025-11-12 21:13:54] [NetworkTables - NetworkTablesManager] [ERROR] Cannot check hostname and camera names, MAC address is not set!
[2025-11-12 21:14:04] [General - NetworkUtils] [ERROR] No MAC address found for Hyper-V Virtual Switch Extension Adapter-Hyper-V Virtual Switch Extension Filter-0000
[2025-11-12 21:14:04] [General - NetworkUtils] [ERROR] Error getting MAC address:: Cannot load from byte/boolean array because "mac" is null
[2025-11-12 21:14:04] [General - NetworkUtils] [ERROR] java.lang.NullPointerException: Cannot load from byte/boolean array because "mac" is null
	at org.photonvision.common.networking.NetworkUtils.formatMacAddress(NetworkUtils.java:259)
	at org.photonvision.common.networking.NetworkUtils.getMacAddress(NetworkUtils.java:236)
	at org.photonvision.common.dataflow.networktables.NetworkTablesManager.checkHostnameAndCameraNames(NetworkTablesManager.java:253)
	at org.photonvision.common.util.TimedTaskManager$CaughtScheduledThreadPoolExecutor.lambda$wrap$0(TimedTaskManager.java:56)
	at java.base/java.util.concurrent.Executors$RunnableAdapter.call(Executors.java:572)
	at java.base/java.util.concurrent.FutureTask.runAndReset(FutureTask.java:358)
	at java.base/java.util.concurrent.ScheduledThreadPoolExecutor$ScheduledFutureTask.run(ScheduledThreadPoolExecutor.java:305)
	at java.base/java.util.concurrent.ThreadPoolExecutor.runWorker(ThreadPoolExecutor.java:1144)
	at java.base/java.util.concurrent.ThreadPoolExecutor$Worker.run(ThreadPoolExecutor.java:642)
	at java.base/java.lang.Thread.run(Thread.java:1583)

[2025-11-12 21:14:04] [NetworkTables - NetworkTablesManager] [ERROR] Cannot check hostname and camera names, MAC address is not set!
[2025-11-12 21:14:14] [General - NetworkUtils] [ERROR] No MAC address found for Hyper-V Virtual Switch Extension Adapter-Hyper-V Virtual Switch Extension Filter-0000
[2025-11-12 21:14:14] [General - NetworkUtils] [ERROR] Error getting MAC address:: Cannot load from byte/boolean array because "mac" is null
[2025-11-12 21:14:14] [General - NetworkUtils] [ERROR] java.lang.NullPointerException: Cannot load from byte/boolean array because "mac" is null
	at org.photonvision.common.networking.NetworkUtils.formatMacAddress(NetworkUtils.java:259)
	at org.photonvision.common.networking.NetworkUtils.getMacAddress(NetworkUtils.java:236)
	at org.photonvision.common.dataflow.networktables.NetworkTablesManager.checkHostnameAndCameraNames(NetworkTablesManager.java:253)
	at org.photonvision.common.util.TimedTaskManager$CaughtScheduledThreadPoolExecutor.lambda$wrap$0(TimedTaskManager.java:56)
	at java.base/java.util.concurrent.Executors$RunnableAdapter.call(Executors.java:572)
	at java.base/java.util.concurrent.FutureTask.runAndReset(FutureTask.java:358)
	at java.base/java.util.concurrent.ScheduledThreadPoolExecutor$ScheduledFutureTask.run(ScheduledThreadPoolExecutor.java:305)
	at java.base/java.util.concurrent.ThreadPoolExecutor.runWorker(ThreadPoolExecutor.java:1144)
	at java.base/java.util.concurrent.ThreadPoolExecutor$Worker.run(ThreadPoolExecutor.java:642)
	at java.base/java.lang.Thread.run(Thread.java:1583)

[2025-11-12 21:14:14] [NetworkTables - NetworkTablesManager] [ERROR] Cannot check hostname and camera names, MAC address is not set!
[2025-11-12 21:14:15] [NetworkTables - NetworkTablesManager] [DEBUG] Starting NT Client with hostname: I-AET-PF4HBEHD
[2025-11-12 21:14:15] [NetworkTables - NetworkTablesManager] [INFO] NT: INFO 20: starting network client (NetworkClient.cpp:46)
[2025-11-12 21:14:24] [General - NetworkUtils] [ERROR] No MAC address found for Hyper-V Virtual Switch Extension Adapter-Hyper-V Virtual Switch Extension Filter-0000
[2025-11-12 21:14:24] [General - NetworkUtils] [ERROR] Error getting MAC address:: Cannot load from byte/boolean array because "mac" is null
[2025-11-12 21:14:24] [General - NetworkUtils] [ERROR] java.lang.NullPointerException: Cannot load from byte/boolean array because "mac" is null
	at org.photonvision.common.networking.NetworkUtils.formatMacAddress(NetworkUtils.java:259)
	at org.photonvision.common.networking.NetworkUtils.getMacAddress(NetworkUtils.java:236)
	at org.photonvision.common.dataflow.networktables.NetworkTablesManager.checkHostnameAndCameraNames(NetworkTablesManager.java:253)
	at org.photonvision.common.util.TimedTaskManager$CaughtScheduledThreadPoolExecutor.lambda$wrap$0(TimedTaskManager.java:56)
	at java.base/java.util.concurrent.Executors$RunnableAdapter.call(Executors.java:572)
	at java.base/java.util.concurrent.FutureTask.runAndReset(FutureTask.java:358)
	at java.base/java.util.concurrent.ScheduledThreadPoolExecutor$ScheduledFutureTask.run(ScheduledThreadPoolExecutor.java:305)
	at java.base/java.util.concurrent.ThreadPoolExecutor.runWorker(ThreadPoolExecutor.java:1144)
	at java.base/java.util.concurrent.ThreadPoolExecutor$Worker.run(ThreadPoolExecutor.java:642)
	at java.base/java.lang.Thread.run(Thread.java:1583)

[2025-11-12 21:14:24] [NetworkTables - NetworkTablesManager] [ERROR] Cannot check hostname and camera names, MAC address is not set!
[2025-11-12 21:14:34] [General - NetworkUtils] [ERROR] No MAC address found for Hyper-V Virtual Switch Extension Adapter-Hyper-V Virtual Switch Extension Filter-0000
[2025-11-12 21:14:34] [General - NetworkUtils] [ERROR] Error getting MAC address:: Cannot load from byte/boolean array because "mac" is null
[2025-11-12 21:14:34] [General - NetworkUtils] [ERROR] java.lang.NullPointerException: Cannot load from byte/boolean array because "mac" is null
	at org.photonvision.common.networking.NetworkUtils.formatMacAddress(NetworkUtils.java:259)
	at org.photonvision.common.networking.NetworkUtils.getMacAddress(NetworkUtils.java:236)
	at org.photonvision.common.dataflow.networktables.NetworkTablesManager.checkHostnameAndCameraNames(NetworkTablesManager.java:253)
	at org.photonvision.common.util.TimedTaskManager$CaughtScheduledThreadPoolExecutor.lambda$wrap$0(TimedTaskManager.java:56)
	at java.base/java.util.concurrent.Executors$RunnableAdapter.call(Executors.java:572)
	at java.base/java.util.concurrent.FutureTask.runAndReset(FutureTask.java:358)
	at java.base/java.util.concurrent.ScheduledThreadPoolExecutor$ScheduledFutureTask.run(ScheduledThreadPoolExecutor.java:305)
	at java.base/java.util.concurrent.ThreadPoolExecutor.runWorker(ThreadPoolExecutor.java:1144)
	at java.base/java.util.concurrent.ThreadPoolExecutor$Worker.run(ThreadPoolExecutor.java:642)
	at java.base/java.lang.Thread.run(Thread.java:1583)

[2025-11-12 21:14:34] [NetworkTables - NetworkTablesManager] [ERROR] Cannot check hostname and camera names, MAC address is not set!
[2025-11-12 21:14:39] [NetworkTables - NetworkTablesManager] [DEBUG] Starting NT Client with hostname: I-AET-PF4HBEHD
[2025-11-12 21:14:39] [NetworkTables - NetworkTablesManager] [INFO] NT: INFO 20: starting network client (NetworkClient.cpp:46)
[2025-11-12 21:14:44] [General - NetworkUtils] [ERROR] No MAC address found for Hyper-V Virtual Switch Extension Adapter-Hyper-V Virtual Switch Extension Filter-0000
[2025-11-12 21:14:44] [General - NetworkUtils] [ERROR] Error getting MAC address:: Cannot load from byte/boolean array because "mac" is null
[2025-11-12 21:14:44] [General - NetworkUtils] [ERROR] java.lang.NullPointerException: Cannot load from byte/boolean array because "mac" is null
	at org.photonvision.common.networking.NetworkUtils.formatMacAddress(NetworkUtils.java:259)
	at org.photonvision.common.networking.NetworkUtils.getMacAddress(NetworkUtils.java:236)
	at org.photonvision.common.dataflow.networktables.NetworkTablesManager.checkHostnameAndCameraNames(NetworkTablesManager.java:253)
	at org.photonvision.common.util.TimedTaskManager$CaughtScheduledThreadPoolExecutor.lambda$wrap$0(TimedTaskManager.java:56)
	at java.base/java.util.concurrent.Executors$RunnableAdapter.call(Executors.java:572)
	at java.base/java.util.concurrent.FutureTask.runAndReset(FutureTask.java:358)
	at java.base/java.util.concurrent.ScheduledThreadPoolExecutor$ScheduledFutureTask.run(ScheduledThreadPoolExecutor.java:305)
	at java.base/java.util.concurrent.ThreadPoolExecutor.runWorker(ThreadPoolExecutor.java:1144)
	at java.base/java.util.concurrent.ThreadPoolExecutor$Worker.run(ThreadPoolExecutor.java:642)
	at java.base/java.lang.Thread.run(Thread.java:1583)

[2025-11-12 21:14:44] [NetworkTables - NetworkTablesManager] [ERROR] Cannot check hostname and camera names, MAC address is not set!
[2025-11-12 21:14:54] [General - NetworkUtils] [ERROR] No MAC address found for Hyper-V Virtual Switch Extension Adapter-Hyper-V Virtual Switch Extension Filter-0000
[2025-11-12 21:14:54] [General - NetworkUtils] [ERROR] Error getting MAC address:: Cannot load from byte/boolean array because "mac" is null
[2025-11-12 21:14:54] [General - NetworkUtils] [ERROR] java.lang.NullPointerException: Cannot load from byte/boolean array because "mac" is null
	at org.photonvision.common.networking.NetworkUtils.formatMacAddress(NetworkUtils.java:259)
	at org.photonvision.common.networking.NetworkUtils.getMacAddress(NetworkUtils.java:236)
	at org.photonvision.common.dataflow.networktables.NetworkTablesManager.checkHostnameAndCameraNames(NetworkTablesManager.java:253)
	at org.photonvision.common.util.TimedTaskManager$CaughtScheduledThreadPoolExecutor.lambda$wrap$0(TimedTaskManager.java:56)
	at java.base/java.util.concurrent.Executors$RunnableAdapter.call(Executors.java:572)
	at java.base/java.util.concurrent.FutureTask.runAndReset(FutureTask.java:358)
	at java.base/java.util.concurrent.ScheduledThreadPoolExecutor$ScheduledFutureTask.run(ScheduledThreadPoolExecutor.java:305)
	at java.base/java.util.concurrent.ThreadPoolExecutor.runWorker(ThreadPoolExecutor.java:1144)
	at java.base/java.util.concurrent.ThreadPoolExecutor$Worker.run(ThreadPoolExecutor.java:642)
	at java.base/java.lang.Thread.run(Thread.java:1583)

[2025-11-12 21:14:54] [NetworkTables - NetworkTablesManager] [ERROR] Cannot check hostname and camera names, MAC address is not set!
[2025-11-12 21:15:03] [NetworkTables - NetworkTablesManager] [DEBUG] Starting NT Client with hostname: I-AET-PF4HBEHD
[2025-11-12 21:15:03] [NetworkTables - NetworkTablesManager] [INFO] NT: INFO 20: starting network client (NetworkClient.cpp:46)
